{"C:\\Users\\chett\\Documents\\TeamProject-SkillSwap\\CSE341Proj3\\controllers\\availabilitiesController.js": {"path":"C:\\Users\\chett\\Documents\\TeamProject-SkillSwap\\CSE341Proj3\\controllers\\availabilitiesController.js","statementMap":{"0":{"start":{"line":1,"column":17},"end":{"line":1,"column":44}},"1":{"start":{"line":2,"column":21},"end":{"line":2,"column":56}},"2":{"start":{"line":7,"column":26},"end":{"line":18,"column":1}},"3":{"start":{"line":11,"column":2},"end":{"line":17,"column":3}},"4":{"start":{"line":12,"column":30},"end":{"line":12,"column":55}},"5":{"start":{"line":13,"column":4},"end":{"line":13,"column":44}},"6":{"start":{"line":15,"column":4},"end":{"line":15,"column":58}},"7":{"start":{"line":16,"column":4},"end":{"line":16,"column":61}},"8":{"start":{"line":23,"column":26},"end":{"line":42,"column":1}},"9":{"start":{"line":27,"column":2},"end":{"line":41,"column":3}},"10":{"start":{"line":28,"column":69},"end":{"line":28,"column":77}},"11":{"start":{"line":29,"column":27},"end":{"line":35,"column":6}},"12":{"start":{"line":37,"column":35},"end":{"line":37,"column":62}},"13":{"start":{"line":38,"column":4},"end":{"line":38,"column":53}},"14":{"start":{"line":40,"column":4},"end":{"line":40,"column":51}},"15":{"start":{"line":47,"column":26},"end":{"line":64,"column":1}},"16":{"start":{"line":51,"column":2},"end":{"line":53,"column":3}},"17":{"start":{"line":52,"column":4},"end":{"line":52,"column":39}},"18":{"start":{"line":55,"column":25},"end":{"line":55,"column":52}},"19":{"start":{"line":57,"column":2},"end":{"line":63,"column":3}},"20":{"start":{"line":58,"column":29},"end":{"line":58,"column":72}},"21":{"start":{"line":59,"column":4},"end":{"line":59,"column":43}},"22":{"start":{"line":61,"column":4},"end":{"line":61,"column":56}},"23":{"start":{"line":62,"column":4},"end":{"line":62,"column":61}},"24":{"start":{"line":69,"column":27},"end":{"line":95,"column":1}},"25":{"start":{"line":73,"column":2},"end":{"line":75,"column":3}},"26":{"start":{"line":74,"column":4},"end":{"line":74,"column":39}},"27":{"start":{"line":77,"column":25},"end":{"line":77,"column":52}},"28":{"start":{"line":78,"column":2},"end":{"line":78,"column":29}},"29":{"start":{"line":80,"column":2},"end":{"line":94,"column":3}},"30":{"start":{"line":81,"column":69},"end":{"line":81,"column":77}},"31":{"start":{"line":82,"column":31},"end":{"line":86,"column":5}},"32":{"start":{"line":88,"column":4},"end":{"line":90,"column":5}},"33":{"start":{"line":89,"column":6},"end":{"line":89,"column":61}},"34":{"start":{"line":91,"column":4},"end":{"line":91,"column":24}},"35":{"start":{"line":93,"column":4},"end":{"line":93,"column":51}},"36":{"start":{"line":100,"column":27},"end":{"line":116,"column":1}},"37":{"start":{"line":104,"column":2},"end":{"line":106,"column":3}},"38":{"start":{"line":105,"column":4},"end":{"line":105,"column":39}},"39":{"start":{"line":108,"column":25},"end":{"line":108,"column":52}},"40":{"start":{"line":110,"column":2},"end":{"line":115,"column":3}},"41":{"start":{"line":111,"column":4},"end":{"line":111,"column":58}},"42":{"start":{"line":112,"column":4},"end":{"line":112,"column":24}},"43":{"start":{"line":114,"column":4},"end":{"line":114,"column":51}},"44":{"start":{"line":118,"column":0},"end":{"line":124,"column":2}}},"fnMap":{"0":{"name":"(anonymous_0)","decl":{"start":{"line":7,"column":26},"end":{"line":7,"column":27}},"loc":{"start":{"line":7,"column":46},"end":{"line":18,"column":1}},"line":7},"1":{"name":"(anonymous_1)","decl":{"start":{"line":23,"column":26},"end":{"line":23,"column":27}},"loc":{"start":{"line":23,"column":46},"end":{"line":42,"column":1}},"line":23},"2":{"name":"(anonymous_2)","decl":{"start":{"line":47,"column":26},"end":{"line":47,"column":27}},"loc":{"start":{"line":47,"column":46},"end":{"line":64,"column":1}},"line":47},"3":{"name":"(anonymous_3)","decl":{"start":{"line":69,"column":27},"end":{"line":69,"column":28}},"loc":{"start":{"line":69,"column":47},"end":{"line":95,"column":1}},"line":69},"4":{"name":"(anonymous_4)","decl":{"start":{"line":100,"column":27},"end":{"line":100,"column":28}},"loc":{"start":{"line":100,"column":47},"end":{"line":116,"column":1}},"line":100}},"branchMap":{"0":{"loc":{"start":{"line":51,"column":2},"end":{"line":53,"column":3}},"type":"if","locations":[{"start":{"line":51,"column":2},"end":{"line":53,"column":3}},{"start":{},"end":{}}],"line":51},"1":{"loc":{"start":{"line":73,"column":2},"end":{"line":75,"column":3}},"type":"if","locations":[{"start":{"line":73,"column":2},"end":{"line":75,"column":3}},{"start":{},"end":{}}],"line":73},"2":{"loc":{"start":{"line":88,"column":4},"end":{"line":90,"column":5}},"type":"if","locations":[{"start":{"line":88,"column":4},"end":{"line":90,"column":5}},{"start":{},"end":{}}],"line":88},"3":{"loc":{"start":{"line":104,"column":2},"end":{"line":106,"column":3}},"type":"if","locations":[{"start":{"line":104,"column":2},"end":{"line":106,"column":3}},{"start":{},"end":{}}],"line":104}},"s":{"0":1,"1":1,"2":1,"3":0,"4":0,"5":0,"6":0,"7":0,"8":1,"9":0,"10":0,"11":0,"12":0,"13":0,"14":0,"15":1,"16":0,"17":0,"18":0,"19":0,"20":0,"21":0,"22":0,"23":0,"24":1,"25":0,"26":0,"27":0,"28":0,"29":0,"30":0,"31":0,"32":0,"33":0,"34":0,"35":0,"36":1,"37":0,"38":0,"39":0,"40":0,"41":0,"42":0,"43":0,"44":1},"f":{"0":0,"1":0,"2":0,"3":0,"4":0},"b":{"0":[0,0],"1":[0,0],"2":[0,0],"3":[0,0]},"_coverageSchema":"1a1c01bbd47fc00a2c39e90264f33305004495a9","hash":"46f17dadd64a4aead5599a964dc497abf13bcd7d"}
,"C:\\Users\\chett\\Documents\\TeamProject-SkillSwap\\CSE341Proj3\\controllers\\feedbackController.js": {"path":"C:\\Users\\chett\\Documents\\TeamProject-SkillSwap\\CSE341Proj3\\controllers\\feedbackController.js","statementMap":{"0":{"start":{"line":1,"column":17},"end":{"line":1,"column":44}},"1":{"start":{"line":2,"column":17},"end":{"line":2,"column":45}},"2":{"start":{"line":7,"column":20},"end":{"line":18,"column":1}},"3":{"start":{"line":11,"column":2},"end":{"line":17,"column":3}},"4":{"start":{"line":12,"column":24},"end":{"line":12,"column":45}},"5":{"start":{"line":13,"column":4},"end":{"line":13,"column":38}},"6":{"start":{"line":15,"column":4},"end":{"line":15,"column":53}},"7":{"start":{"line":16,"column":4},"end":{"line":16,"column":61}},"8":{"start":{"line":23,"column":20},"end":{"line":44,"column":1}},"9":{"start":{"line":27,"column":2},"end":{"line":43,"column":3}},"10":{"start":{"line":28,"column":83},"end":{"line":28,"column":91}},"11":{"start":{"line":29,"column":21},"end":{"line":37,"column":6}},"12":{"start":{"line":39,"column":29},"end":{"line":39,"column":50}},"13":{"start":{"line":40,"column":4},"end":{"line":40,"column":47}},"14":{"start":{"line":42,"column":4},"end":{"line":42,"column":51}},"15":{"start":{"line":49,"column":24},"end":{"line":66,"column":1}},"16":{"start":{"line":53,"column":2},"end":{"line":55,"column":3}},"17":{"start":{"line":54,"column":4},"end":{"line":54,"column":39}},"18":{"start":{"line":57,"column":21},"end":{"line":57,"column":48}},"19":{"start":{"line":59,"column":2},"end":{"line":65,"column":3}},"20":{"start":{"line":60,"column":25},"end":{"line":60,"column":60}},"21":{"start":{"line":61,"column":4},"end":{"line":61,"column":39}},"22":{"start":{"line":63,"column":4},"end":{"line":63,"column":51}},"23":{"start":{"line":64,"column":4},"end":{"line":64,"column":61}},"24":{"start":{"line":71,"column":23},"end":{"line":97,"column":1}},"25":{"start":{"line":75,"column":2},"end":{"line":77,"column":3}},"26":{"start":{"line":76,"column":4},"end":{"line":76,"column":39}},"27":{"start":{"line":79,"column":21},"end":{"line":79,"column":48}},"28":{"start":{"line":80,"column":2},"end":{"line":80,"column":29}},"29":{"start":{"line":82,"column":2},"end":{"line":96,"column":3}},"30":{"start":{"line":83,"column":83},"end":{"line":83,"column":91}},"31":{"start":{"line":84,"column":27},"end":{"line":88,"column":5}},"32":{"start":{"line":90,"column":4},"end":{"line":92,"column":5}},"33":{"start":{"line":91,"column":6},"end":{"line":91,"column":67}},"34":{"start":{"line":93,"column":4},"end":{"line":93,"column":24}},"35":{"start":{"line":95,"column":4},"end":{"line":95,"column":51}},"36":{"start":{"line":102,"column":23},"end":{"line":118,"column":1}},"37":{"start":{"line":106,"column":2},"end":{"line":108,"column":3}},"38":{"start":{"line":107,"column":4},"end":{"line":107,"column":39}},"39":{"start":{"line":110,"column":21},"end":{"line":110,"column":48}},"40":{"start":{"line":112,"column":2},"end":{"line":117,"column":3}},"41":{"start":{"line":113,"column":4},"end":{"line":113,"column":50}},"42":{"start":{"line":114,"column":4},"end":{"line":114,"column":24}},"43":{"start":{"line":116,"column":4},"end":{"line":116,"column":51}},"44":{"start":{"line":120,"column":0},"end":{"line":126,"column":2}}},"fnMap":{"0":{"name":"(anonymous_0)","decl":{"start":{"line":7,"column":20},"end":{"line":7,"column":21}},"loc":{"start":{"line":7,"column":40},"end":{"line":18,"column":1}},"line":7},"1":{"name":"(anonymous_1)","decl":{"start":{"line":23,"column":20},"end":{"line":23,"column":21}},"loc":{"start":{"line":23,"column":40},"end":{"line":44,"column":1}},"line":23},"2":{"name":"(anonymous_2)","decl":{"start":{"line":49,"column":24},"end":{"line":49,"column":25}},"loc":{"start":{"line":49,"column":44},"end":{"line":66,"column":1}},"line":49},"3":{"name":"(anonymous_3)","decl":{"start":{"line":71,"column":23},"end":{"line":71,"column":24}},"loc":{"start":{"line":71,"column":43},"end":{"line":97,"column":1}},"line":71},"4":{"name":"(anonymous_4)","decl":{"start":{"line":102,"column":23},"end":{"line":102,"column":24}},"loc":{"start":{"line":102,"column":43},"end":{"line":118,"column":1}},"line":102}},"branchMap":{"0":{"loc":{"start":{"line":53,"column":2},"end":{"line":55,"column":3}},"type":"if","locations":[{"start":{"line":53,"column":2},"end":{"line":55,"column":3}},{"start":{},"end":{}}],"line":53},"1":{"loc":{"start":{"line":75,"column":2},"end":{"line":77,"column":3}},"type":"if","locations":[{"start":{"line":75,"column":2},"end":{"line":77,"column":3}},{"start":{},"end":{}}],"line":75},"2":{"loc":{"start":{"line":90,"column":4},"end":{"line":92,"column":5}},"type":"if","locations":[{"start":{"line":90,"column":4},"end":{"line":92,"column":5}},{"start":{},"end":{}}],"line":90},"3":{"loc":{"start":{"line":106,"column":2},"end":{"line":108,"column":3}},"type":"if","locations":[{"start":{"line":106,"column":2},"end":{"line":108,"column":3}},{"start":{},"end":{}}],"line":106}},"s":{"0":1,"1":1,"2":1,"3":0,"4":0,"5":0,"6":0,"7":0,"8":1,"9":0,"10":0,"11":0,"12":0,"13":0,"14":0,"15":1,"16":0,"17":0,"18":0,"19":0,"20":0,"21":0,"22":0,"23":0,"24":1,"25":0,"26":0,"27":0,"28":0,"29":0,"30":0,"31":0,"32":0,"33":0,"34":0,"35":0,"36":1,"37":0,"38":0,"39":0,"40":0,"41":0,"42":0,"43":0,"44":1},"f":{"0":0,"1":0,"2":0,"3":0,"4":0},"b":{"0":[0,0],"1":[0,0],"2":[0,0],"3":[0,0]},"_coverageSchema":"1a1c01bbd47fc00a2c39e90264f33305004495a9","hash":"44188bba6cb78761a5da640d34827a0f35b3cea8"}
,"C:\\Users\\chett\\Documents\\TeamProject-SkillSwap\\CSE341Proj3\\controllers\\indexController.js": {"path":"C:\\Users\\chett\\Documents\\TeamProject-SkillSwap\\CSE341Proj3\\controllers\\indexController.js","statementMap":{"0":{"start":{"line":1,"column":16},"end":{"line":7,"column":1}},"1":{"start":{"line":6,"column":2},"end":{"line":6,"column":42}},"2":{"start":{"line":9,"column":0},"end":{"line":9,"column":29}}},"fnMap":{"0":{"name":"(anonymous_0)","decl":{"start":{"line":1,"column":16},"end":{"line":1,"column":17}},"loc":{"start":{"line":1,"column":30},"end":{"line":7,"column":1}},"line":1}},"branchMap":{},"s":{"0":2,"1":2,"2":2},"f":{"0":2},"b":{},"_coverageSchema":"1a1c01bbd47fc00a2c39e90264f33305004495a9","hash":"e0dc375cf8fbf6e42046cb61925a7256799edf3f"}
,"C:\\Users\\chett\\Documents\\TeamProject-SkillSwap\\CSE341Proj3\\controllers\\profileController.js": {"path":"C:\\Users\\chett\\Documents\\TeamProject-SkillSwap\\CSE341Proj3\\controllers\\profileController.js","statementMap":{"0":{"start":{"line":1,"column":19},"end":{"line":10,"column":1}},"1":{"start":{"line":9,"column":2},"end":{"line":9,"column":44}},"2":{"start":{"line":12,"column":0},"end":{"line":12,"column":32}}},"fnMap":{"0":{"name":"(anonymous_0)","decl":{"start":{"line":1,"column":19},"end":{"line":1,"column":20}},"loc":{"start":{"line":1,"column":33},"end":{"line":10,"column":1}},"line":1}},"branchMap":{},"s":{"0":1,"1":1,"2":1},"f":{"0":1},"b":{},"_coverageSchema":"1a1c01bbd47fc00a2c39e90264f33305004495a9","hash":"9223f339debd22e0b53f22d3a954f306f5bda9c3"}
,"C:\\Users\\chett\\Documents\\TeamProject-SkillSwap\\CSE341Proj3\\controllers\\sessionsController.js": {"path":"C:\\Users\\chett\\Documents\\TeamProject-SkillSwap\\CSE341Proj3\\controllers\\sessionsController.js","statementMap":{"0":{"start":{"line":1,"column":17},"end":{"line":1,"column":44}},"1":{"start":{"line":2,"column":16},"end":{"line":2,"column":44}},"2":{"start":{"line":7,"column":20},"end":{"line":18,"column":1}},"3":{"start":{"line":11,"column":2},"end":{"line":17,"column":3}},"4":{"start":{"line":12,"column":24},"end":{"line":12,"column":44}},"5":{"start":{"line":13,"column":4},"end":{"line":13,"column":38}},"6":{"start":{"line":15,"column":4},"end":{"line":15,"column":53}},"7":{"start":{"line":16,"column":4},"end":{"line":16,"column":61}},"8":{"start":{"line":23,"column":19},"end":{"line":43,"column":1}},"9":{"start":{"line":27,"column":2},"end":{"line":42,"column":3}},"10":{"start":{"line":28,"column":86},"end":{"line":28,"column":94}},"11":{"start":{"line":29,"column":20},"end":{"line":36,"column":6}},"12":{"start":{"line":38,"column":28},"end":{"line":38,"column":48}},"13":{"start":{"line":39,"column":4},"end":{"line":39,"column":46}},"14":{"start":{"line":41,"column":4},"end":{"line":41,"column":51}},"15":{"start":{"line":48,"column":23},"end":{"line":65,"column":1}},"16":{"start":{"line":52,"column":2},"end":{"line":54,"column":3}},"17":{"start":{"line":53,"column":4},"end":{"line":53,"column":39}},"18":{"start":{"line":56,"column":20},"end":{"line":56,"column":47}},"19":{"start":{"line":58,"column":2},"end":{"line":64,"column":3}},"20":{"start":{"line":59,"column":24},"end":{"line":59,"column":57}},"21":{"start":{"line":60,"column":4},"end":{"line":60,"column":38}},"22":{"start":{"line":62,"column":4},"end":{"line":62,"column":51}},"23":{"start":{"line":63,"column":4},"end":{"line":63,"column":61}},"24":{"start":{"line":70,"column":22},"end":{"line":96,"column":1}},"25":{"start":{"line":74,"column":2},"end":{"line":76,"column":3}},"26":{"start":{"line":75,"column":4},"end":{"line":75,"column":39}},"27":{"start":{"line":78,"column":20},"end":{"line":78,"column":47}},"28":{"start":{"line":79,"column":2},"end":{"line":79,"column":29}},"29":{"start":{"line":81,"column":2},"end":{"line":95,"column":3}},"30":{"start":{"line":82,"column":86},"end":{"line":82,"column":94}},"31":{"start":{"line":83,"column":26},"end":{"line":87,"column":5}},"32":{"start":{"line":89,"column":4},"end":{"line":91,"column":5}},"33":{"start":{"line":90,"column":6},"end":{"line":90,"column":66}},"34":{"start":{"line":92,"column":4},"end":{"line":92,"column":24}},"35":{"start":{"line":94,"column":4},"end":{"line":94,"column":51}},"36":{"start":{"line":101,"column":22},"end":{"line":117,"column":1}},"37":{"start":{"line":105,"column":2},"end":{"line":107,"column":3}},"38":{"start":{"line":106,"column":4},"end":{"line":106,"column":39}},"39":{"start":{"line":109,"column":20},"end":{"line":109,"column":47}},"40":{"start":{"line":111,"column":2},"end":{"line":116,"column":3}},"41":{"start":{"line":112,"column":4},"end":{"line":112,"column":48}},"42":{"start":{"line":113,"column":4},"end":{"line":113,"column":24}},"43":{"start":{"line":115,"column":4},"end":{"line":115,"column":51}},"44":{"start":{"line":119,"column":0},"end":{"line":125,"column":2}}},"fnMap":{"0":{"name":"(anonymous_0)","decl":{"start":{"line":7,"column":20},"end":{"line":7,"column":21}},"loc":{"start":{"line":7,"column":40},"end":{"line":18,"column":1}},"line":7},"1":{"name":"(anonymous_1)","decl":{"start":{"line":23,"column":19},"end":{"line":23,"column":20}},"loc":{"start":{"line":23,"column":39},"end":{"line":43,"column":1}},"line":23},"2":{"name":"(anonymous_2)","decl":{"start":{"line":48,"column":23},"end":{"line":48,"column":24}},"loc":{"start":{"line":48,"column":43},"end":{"line":65,"column":1}},"line":48},"3":{"name":"(anonymous_3)","decl":{"start":{"line":70,"column":22},"end":{"line":70,"column":23}},"loc":{"start":{"line":70,"column":42},"end":{"line":96,"column":1}},"line":70},"4":{"name":"(anonymous_4)","decl":{"start":{"line":101,"column":22},"end":{"line":101,"column":23}},"loc":{"start":{"line":101,"column":42},"end":{"line":117,"column":1}},"line":101}},"branchMap":{"0":{"loc":{"start":{"line":52,"column":2},"end":{"line":54,"column":3}},"type":"if","locations":[{"start":{"line":52,"column":2},"end":{"line":54,"column":3}},{"start":{},"end":{}}],"line":52},"1":{"loc":{"start":{"line":74,"column":2},"end":{"line":76,"column":3}},"type":"if","locations":[{"start":{"line":74,"column":2},"end":{"line":76,"column":3}},{"start":{},"end":{}}],"line":74},"2":{"loc":{"start":{"line":89,"column":4},"end":{"line":91,"column":5}},"type":"if","locations":[{"start":{"line":89,"column":4},"end":{"line":91,"column":5}},{"start":{},"end":{}}],"line":89},"3":{"loc":{"start":{"line":105,"column":2},"end":{"line":107,"column":3}},"type":"if","locations":[{"start":{"line":105,"column":2},"end":{"line":107,"column":3}},{"start":{},"end":{}}],"line":105}},"s":{"0":3,"1":3,"2":3,"3":1,"4":1,"5":1,"6":0,"7":0,"8":3,"9":0,"10":0,"11":0,"12":0,"13":0,"14":0,"15":3,"16":0,"17":0,"18":0,"19":0,"20":0,"21":0,"22":0,"23":0,"24":3,"25":0,"26":0,"27":0,"28":0,"29":0,"30":0,"31":0,"32":0,"33":0,"34":0,"35":0,"36":3,"37":0,"38":0,"39":0,"40":0,"41":0,"42":0,"43":0,"44":3},"f":{"0":1,"1":0,"2":0,"3":0,"4":0},"b":{"0":[0,0],"1":[0,0],"2":[0,0],"3":[0,0]},"_coverageSchema":"1a1c01bbd47fc00a2c39e90264f33305004495a9","hash":"33558ebec897c85f6131b38b96d2717c5ab6d829"}
,"C:\\Users\\chett\\Documents\\TeamProject-SkillSwap\\CSE341Proj3\\controllers\\skillsController.js": {"path":"C:\\Users\\chett\\Documents\\TeamProject-SkillSwap\\CSE341Proj3\\controllers\\skillsController.js","statementMap":{"0":{"start":{"line":1,"column":17},"end":{"line":1,"column":44}},"1":{"start":{"line":2,"column":14},"end":{"line":2,"column":40}},"2":{"start":{"line":7,"column":18},"end":{"line":18,"column":1}},"3":{"start":{"line":11,"column":2},"end":{"line":17,"column":3}},"4":{"start":{"line":12,"column":22},"end":{"line":12,"column":40}},"5":{"start":{"line":13,"column":4},"end":{"line":13,"column":36}},"6":{"start":{"line":15,"column":4},"end":{"line":15,"column":51}},"7":{"start":{"line":16,"column":4},"end":{"line":16,"column":61}},"8":{"start":{"line":23,"column":17},"end":{"line":41,"column":1}},"9":{"start":{"line":27,"column":2},"end":{"line":40,"column":3}},"10":{"start":{"line":28,"column":58},"end":{"line":28,"column":66}},"11":{"start":{"line":29,"column":18},"end":{"line":34,"column":6}},"12":{"start":{"line":36,"column":26},"end":{"line":36,"column":44}},"13":{"start":{"line":37,"column":4},"end":{"line":37,"column":44}},"14":{"start":{"line":39,"column":4},"end":{"line":39,"column":51}},"15":{"start":{"line":46,"column":21},"end":{"line":63,"column":1}},"16":{"start":{"line":50,"column":2},"end":{"line":52,"column":3}},"17":{"start":{"line":51,"column":4},"end":{"line":51,"column":39}},"18":{"start":{"line":54,"column":18},"end":{"line":54,"column":45}},"19":{"start":{"line":56,"column":2},"end":{"line":62,"column":3}},"20":{"start":{"line":57,"column":22},"end":{"line":57,"column":51}},"21":{"start":{"line":58,"column":4},"end":{"line":58,"column":36}},"22":{"start":{"line":60,"column":4},"end":{"line":60,"column":49}},"23":{"start":{"line":61,"column":4},"end":{"line":61,"column":61}},"24":{"start":{"line":68,"column":20},"end":{"line":94,"column":1}},"25":{"start":{"line":72,"column":2},"end":{"line":74,"column":3}},"26":{"start":{"line":73,"column":4},"end":{"line":73,"column":39}},"27":{"start":{"line":76,"column":18},"end":{"line":76,"column":45}},"28":{"start":{"line":77,"column":2},"end":{"line":77,"column":29}},"29":{"start":{"line":79,"column":2},"end":{"line":93,"column":3}},"30":{"start":{"line":80,"column":58},"end":{"line":80,"column":66}},"31":{"start":{"line":81,"column":24},"end":{"line":85,"column":5}},"32":{"start":{"line":87,"column":4},"end":{"line":89,"column":5}},"33":{"start":{"line":88,"column":6},"end":{"line":88,"column":64}},"34":{"start":{"line":90,"column":4},"end":{"line":90,"column":24}},"35":{"start":{"line":92,"column":4},"end":{"line":92,"column":51}},"36":{"start":{"line":99,"column":20},"end":{"line":115,"column":1}},"37":{"start":{"line":103,"column":2},"end":{"line":105,"column":3}},"38":{"start":{"line":104,"column":4},"end":{"line":104,"column":39}},"39":{"start":{"line":107,"column":18},"end":{"line":107,"column":45}},"40":{"start":{"line":109,"column":2},"end":{"line":114,"column":3}},"41":{"start":{"line":110,"column":4},"end":{"line":110,"column":44}},"42":{"start":{"line":111,"column":4},"end":{"line":111,"column":24}},"43":{"start":{"line":113,"column":4},"end":{"line":113,"column":51}},"44":{"start":{"line":117,"column":0},"end":{"line":123,"column":2}}},"fnMap":{"0":{"name":"(anonymous_0)","decl":{"start":{"line":7,"column":18},"end":{"line":7,"column":19}},"loc":{"start":{"line":7,"column":38},"end":{"line":18,"column":1}},"line":7},"1":{"name":"(anonymous_1)","decl":{"start":{"line":23,"column":17},"end":{"line":23,"column":18}},"loc":{"start":{"line":23,"column":37},"end":{"line":41,"column":1}},"line":23},"2":{"name":"(anonymous_2)","decl":{"start":{"line":46,"column":21},"end":{"line":46,"column":22}},"loc":{"start":{"line":46,"column":41},"end":{"line":63,"column":1}},"line":46},"3":{"name":"(anonymous_3)","decl":{"start":{"line":68,"column":20},"end":{"line":68,"column":21}},"loc":{"start":{"line":68,"column":40},"end":{"line":94,"column":1}},"line":68},"4":{"name":"(anonymous_4)","decl":{"start":{"line":99,"column":20},"end":{"line":99,"column":21}},"loc":{"start":{"line":99,"column":40},"end":{"line":115,"column":1}},"line":99}},"branchMap":{"0":{"loc":{"start":{"line":50,"column":2},"end":{"line":52,"column":3}},"type":"if","locations":[{"start":{"line":50,"column":2},"end":{"line":52,"column":3}},{"start":{},"end":{}}],"line":50},"1":{"loc":{"start":{"line":72,"column":2},"end":{"line":74,"column":3}},"type":"if","locations":[{"start":{"line":72,"column":2},"end":{"line":74,"column":3}},{"start":{},"end":{}}],"line":72},"2":{"loc":{"start":{"line":87,"column":4},"end":{"line":89,"column":5}},"type":"if","locations":[{"start":{"line":87,"column":4},"end":{"line":89,"column":5}},{"start":{},"end":{}}],"line":87},"3":{"loc":{"start":{"line":103,"column":2},"end":{"line":105,"column":3}},"type":"if","locations":[{"start":{"line":103,"column":2},"end":{"line":105,"column":3}},{"start":{},"end":{}}],"line":103}},"s":{"0":1,"1":1,"2":1,"3":0,"4":0,"5":0,"6":0,"7":0,"8":1,"9":0,"10":0,"11":0,"12":0,"13":0,"14":0,"15":1,"16":0,"17":0,"18":0,"19":0,"20":0,"21":0,"22":0,"23":0,"24":1,"25":0,"26":0,"27":0,"28":0,"29":0,"30":0,"31":0,"32":0,"33":0,"34":0,"35":0,"36":1,"37":0,"38":0,"39":0,"40":0,"41":0,"42":0,"43":0,"44":1},"f":{"0":0,"1":0,"2":0,"3":0,"4":0},"b":{"0":[0,0],"1":[0,0],"2":[0,0],"3":[0,0]},"_coverageSchema":"1a1c01bbd47fc00a2c39e90264f33305004495a9","hash":"b6a2ca6454b44b02fca9cf4ae51b886d0bd5321e"}
,"C:\\Users\\chett\\Documents\\TeamProject-SkillSwap\\CSE341Proj3\\controllers\\user_profileController.js": {"path":"C:\\Users\\chett\\Documents\\TeamProject-SkillSwap\\CSE341Proj3\\controllers\\user_profileController.js","statementMap":{"0":{"start":{"line":1,"column":17},"end":{"line":1,"column":44}},"1":{"start":{"line":2,"column":20},"end":{"line":2,"column":53}},"2":{"start":{"line":7,"column":24},"end":{"line":18,"column":1}},"3":{"start":{"line":11,"column":2},"end":{"line":17,"column":3}},"4":{"start":{"line":12,"column":24},"end":{"line":12,"column":48}},"5":{"start":{"line":13,"column":4},"end":{"line":13,"column":38}},"6":{"start":{"line":15,"column":4},"end":{"line":15,"column":58}},"7":{"start":{"line":16,"column":4},"end":{"line":16,"column":61}},"8":{"start":{"line":23,"column":23},"end":{"line":42,"column":1}},"9":{"start":{"line":27,"column":2},"end":{"line":41,"column":3}},"10":{"start":{"line":28,"column":60},"end":{"line":28,"column":68}},"11":{"start":{"line":29,"column":24},"end":{"line":35,"column":6}},"12":{"start":{"line":37,"column":32},"end":{"line":37,"column":56}},"13":{"start":{"line":38,"column":4},"end":{"line":38,"column":50}},"14":{"start":{"line":40,"column":4},"end":{"line":40,"column":51}},"15":{"start":{"line":47,"column":27},"end":{"line":62,"column":1}},"16":{"start":{"line":51,"column":2},"end":{"line":53,"column":3}},"17":{"start":{"line":52,"column":4},"end":{"line":52,"column":39}},"18":{"start":{"line":54,"column":24},"end":{"line":54,"column":51}},"19":{"start":{"line":55,"column":2},"end":{"line":61,"column":3}},"20":{"start":{"line":56,"column":28},"end":{"line":56,"column":69}},"21":{"start":{"line":57,"column":4},"end":{"line":57,"column":42}},"22":{"start":{"line":59,"column":4},"end":{"line":59,"column":56}},"23":{"start":{"line":60,"column":4},"end":{"line":60,"column":61}},"24":{"start":{"line":67,"column":26},"end":{"line":94,"column":1}},"25":{"start":{"line":71,"column":2},"end":{"line":73,"column":3}},"26":{"start":{"line":72,"column":4},"end":{"line":72,"column":39}},"27":{"start":{"line":75,"column":24},"end":{"line":75,"column":51}},"28":{"start":{"line":76,"column":2},"end":{"line":76,"column":29}},"29":{"start":{"line":78,"column":2},"end":{"line":93,"column":3}},"30":{"start":{"line":79,"column":60},"end":{"line":79,"column":68}},"31":{"start":{"line":81,"column":30},"end":{"line":85,"column":5}},"32":{"start":{"line":87,"column":4},"end":{"line":89,"column":5}},"33":{"start":{"line":88,"column":6},"end":{"line":88,"column":71}},"34":{"start":{"line":90,"column":4},"end":{"line":90,"column":24}},"35":{"start":{"line":92,"column":4},"end":{"line":92,"column":51}},"36":{"start":{"line":99,"column":26},"end":{"line":114,"column":1}},"37":{"start":{"line":103,"column":2},"end":{"line":105,"column":3}},"38":{"start":{"line":104,"column":4},"end":{"line":104,"column":39}},"39":{"start":{"line":106,"column":24},"end":{"line":106,"column":51}},"40":{"start":{"line":108,"column":2},"end":{"line":113,"column":3}},"41":{"start":{"line":109,"column":4},"end":{"line":109,"column":56}},"42":{"start":{"line":110,"column":4},"end":{"line":110,"column":24}},"43":{"start":{"line":112,"column":4},"end":{"line":112,"column":51}},"44":{"start":{"line":116,"column":0},"end":{"line":122,"column":2}}},"fnMap":{"0":{"name":"(anonymous_0)","decl":{"start":{"line":7,"column":24},"end":{"line":7,"column":25}},"loc":{"start":{"line":7,"column":44},"end":{"line":18,"column":1}},"line":7},"1":{"name":"(anonymous_1)","decl":{"start":{"line":23,"column":23},"end":{"line":23,"column":24}},"loc":{"start":{"line":23,"column":43},"end":{"line":42,"column":1}},"line":23},"2":{"name":"(anonymous_2)","decl":{"start":{"line":47,"column":27},"end":{"line":47,"column":28}},"loc":{"start":{"line":47,"column":47},"end":{"line":62,"column":1}},"line":47},"3":{"name":"(anonymous_3)","decl":{"start":{"line":67,"column":26},"end":{"line":67,"column":27}},"loc":{"start":{"line":67,"column":46},"end":{"line":94,"column":1}},"line":67},"4":{"name":"(anonymous_4)","decl":{"start":{"line":99,"column":26},"end":{"line":99,"column":27}},"loc":{"start":{"line":99,"column":46},"end":{"line":114,"column":1}},"line":99}},"branchMap":{"0":{"loc":{"start":{"line":51,"column":2},"end":{"line":53,"column":3}},"type":"if","locations":[{"start":{"line":51,"column":2},"end":{"line":53,"column":3}},{"start":{},"end":{}}],"line":51},"1":{"loc":{"start":{"line":71,"column":2},"end":{"line":73,"column":3}},"type":"if","locations":[{"start":{"line":71,"column":2},"end":{"line":73,"column":3}},{"start":{},"end":{}}],"line":71},"2":{"loc":{"start":{"line":87,"column":4},"end":{"line":89,"column":5}},"type":"if","locations":[{"start":{"line":87,"column":4},"end":{"line":89,"column":5}},{"start":{},"end":{}}],"line":87},"3":{"loc":{"start":{"line":103,"column":2},"end":{"line":105,"column":3}},"type":"if","locations":[{"start":{"line":103,"column":2},"end":{"line":105,"column":3}},{"start":{},"end":{}}],"line":103}},"s":{"0":1,"1":1,"2":1,"3":0,"4":0,"5":0,"6":0,"7":0,"8":1,"9":0,"10":0,"11":0,"12":0,"13":0,"14":0,"15":1,"16":0,"17":0,"18":0,"19":0,"20":0,"21":0,"22":0,"23":0,"24":1,"25":0,"26":0,"27":0,"28":0,"29":0,"30":0,"31":0,"32":0,"33":0,"34":0,"35":0,"36":1,"37":0,"38":0,"39":0,"40":0,"41":0,"42":0,"43":0,"44":1},"f":{"0":0,"1":0,"2":0,"3":0,"4":0},"b":{"0":[0,0],"1":[0,0],"2":[0,0],"3":[0,0]},"_coverageSchema":"1a1c01bbd47fc00a2c39e90264f33305004495a9","hash":"83393622205cf11e78b52338974e1a55852f5367"}
,"C:\\Users\\chett\\Documents\\TeamProject-SkillSwap\\CSE341Proj3\\controllers\\user_skillsController.js": {"path":"C:\\Users\\chett\\Documents\\TeamProject-SkillSwap\\CSE341Proj3\\controllers\\user_skillsController.js","statementMap":{"0":{"start":{"line":1,"column":17},"end":{"line":1,"column":44}},"1":{"start":{"line":2,"column":18},"end":{"line":2,"column":49}},"2":{"start":{"line":7,"column":22},"end":{"line":18,"column":1}},"3":{"start":{"line":11,"column":2},"end":{"line":17,"column":3}},"4":{"start":{"line":12,"column":26},"end":{"line":12,"column":48}},"5":{"start":{"line":13,"column":4},"end":{"line":13,"column":40}},"6":{"start":{"line":15,"column":4},"end":{"line":15,"column":56}},"7":{"start":{"line":16,"column":4},"end":{"line":16,"column":61}},"8":{"start":{"line":23,"column":21},"end":{"line":43,"column":1}},"9":{"start":{"line":27,"column":2},"end":{"line":42,"column":3}},"10":{"start":{"line":28,"column":83},"end":{"line":28,"column":91}},"11":{"start":{"line":29,"column":22},"end":{"line":36,"column":6}},"12":{"start":{"line":38,"column":30},"end":{"line":38,"column":52}},"13":{"start":{"line":39,"column":4},"end":{"line":39,"column":48}},"14":{"start":{"line":41,"column":4},"end":{"line":41,"column":51}},"15":{"start":{"line":48,"column":26},"end":{"line":64,"column":1}},"16":{"start":{"line":52,"column":2},"end":{"line":54,"column":3}},"17":{"start":{"line":53,"column":4},"end":{"line":53,"column":39}},"18":{"start":{"line":56,"column":22},"end":{"line":56,"column":49}},"19":{"start":{"line":57,"column":2},"end":{"line":63,"column":3}},"20":{"start":{"line":58,"column":26},"end":{"line":58,"column":63}},"21":{"start":{"line":59,"column":4},"end":{"line":59,"column":40}},"22":{"start":{"line":61,"column":4},"end":{"line":61,"column":54}},"23":{"start":{"line":62,"column":4},"end":{"line":62,"column":61}},"24":{"start":{"line":69,"column":25},"end":{"line":95,"column":1}},"25":{"start":{"line":73,"column":2},"end":{"line":75,"column":3}},"26":{"start":{"line":74,"column":4},"end":{"line":74,"column":39}},"27":{"start":{"line":77,"column":22},"end":{"line":77,"column":49}},"28":{"start":{"line":78,"column":2},"end":{"line":78,"column":29}},"29":{"start":{"line":80,"column":2},"end":{"line":94,"column":3}},"30":{"start":{"line":81,"column":83},"end":{"line":81,"column":91}},"31":{"start":{"line":82,"column":28},"end":{"line":86,"column":5}},"32":{"start":{"line":88,"column":4},"end":{"line":90,"column":5}},"33":{"start":{"line":89,"column":6},"end":{"line":89,"column":69}},"34":{"start":{"line":91,"column":4},"end":{"line":91,"column":24}},"35":{"start":{"line":93,"column":4},"end":{"line":93,"column":51}},"36":{"start":{"line":100,"column":25},"end":{"line":115,"column":1}},"37":{"start":{"line":104,"column":2},"end":{"line":106,"column":3}},"38":{"start":{"line":105,"column":4},"end":{"line":105,"column":39}},"39":{"start":{"line":107,"column":23},"end":{"line":107,"column":50}},"40":{"start":{"line":109,"column":2},"end":{"line":114,"column":3}},"41":{"start":{"line":110,"column":4},"end":{"line":110,"column":53}},"42":{"start":{"line":111,"column":4},"end":{"line":111,"column":24}},"43":{"start":{"line":113,"column":4},"end":{"line":113,"column":51}},"44":{"start":{"line":117,"column":0},"end":{"line":123,"column":2}}},"fnMap":{"0":{"name":"(anonymous_0)","decl":{"start":{"line":7,"column":22},"end":{"line":7,"column":23}},"loc":{"start":{"line":7,"column":42},"end":{"line":18,"column":1}},"line":7},"1":{"name":"(anonymous_1)","decl":{"start":{"line":23,"column":21},"end":{"line":23,"column":22}},"loc":{"start":{"line":23,"column":41},"end":{"line":43,"column":1}},"line":23},"2":{"name":"(anonymous_2)","decl":{"start":{"line":48,"column":26},"end":{"line":48,"column":27}},"loc":{"start":{"line":48,"column":46},"end":{"line":64,"column":1}},"line":48},"3":{"name":"(anonymous_3)","decl":{"start":{"line":69,"column":25},"end":{"line":69,"column":26}},"loc":{"start":{"line":69,"column":45},"end":{"line":95,"column":1}},"line":69},"4":{"name":"(anonymous_4)","decl":{"start":{"line":100,"column":25},"end":{"line":100,"column":26}},"loc":{"start":{"line":100,"column":45},"end":{"line":115,"column":1}},"line":100}},"branchMap":{"0":{"loc":{"start":{"line":52,"column":2},"end":{"line":54,"column":3}},"type":"if","locations":[{"start":{"line":52,"column":2},"end":{"line":54,"column":3}},{"start":{},"end":{}}],"line":52},"1":{"loc":{"start":{"line":73,"column":2},"end":{"line":75,"column":3}},"type":"if","locations":[{"start":{"line":73,"column":2},"end":{"line":75,"column":3}},{"start":{},"end":{}}],"line":73},"2":{"loc":{"start":{"line":88,"column":4},"end":{"line":90,"column":5}},"type":"if","locations":[{"start":{"line":88,"column":4},"end":{"line":90,"column":5}},{"start":{},"end":{}}],"line":88},"3":{"loc":{"start":{"line":104,"column":2},"end":{"line":106,"column":3}},"type":"if","locations":[{"start":{"line":104,"column":2},"end":{"line":106,"column":3}},{"start":{},"end":{}}],"line":104}},"s":{"0":1,"1":1,"2":1,"3":0,"4":0,"5":0,"6":0,"7":0,"8":1,"9":0,"10":0,"11":0,"12":0,"13":0,"14":0,"15":1,"16":0,"17":0,"18":0,"19":0,"20":0,"21":0,"22":0,"23":0,"24":1,"25":0,"26":0,"27":0,"28":0,"29":0,"30":0,"31":0,"32":0,"33":0,"34":0,"35":0,"36":1,"37":0,"38":0,"39":0,"40":0,"41":0,"42":0,"43":0,"44":1},"f":{"0":0,"1":0,"2":0,"3":0,"4":0},"b":{"0":[0,0],"1":[0,0],"2":[0,0],"3":[0,0]},"_coverageSchema":"1a1c01bbd47fc00a2c39e90264f33305004495a9","hash":"47e8817bf155113536c645d82ce66c7829a45395"}
,"C:\\Users\\chett\\Documents\\TeamProject-SkillSwap\\CSE341Proj3\\models\\availabilities.js": {"path":"C:\\Users\\chett\\Documents\\TeamProject-SkillSwap\\CSE341Proj3\\models\\availabilities.js","statementMap":{"0":{"start":{"line":1,"column":17},"end":{"line":1,"column":36}},"1":{"start":{"line":3,"column":27},"end":{"line":9,"column":2}},"2":{"start":{"line":11,"column":21},"end":{"line":11,"column":73}},"3":{"start":{"line":13,"column":0},"end":{"line":13,"column":30}}},"fnMap":{},"branchMap":{},"s":{"0":1,"1":1,"2":1,"3":1},"f":{},"b":{},"_coverageSchema":"1a1c01bbd47fc00a2c39e90264f33305004495a9","hash":"876f8ab84475cfda519bbdc93f2173a6d7edbfb0"}
,"C:\\Users\\chett\\Documents\\TeamProject-SkillSwap\\CSE341Proj3\\models\\feeback.js": {"path":"C:\\Users\\chett\\Documents\\TeamProject-SkillSwap\\CSE341Proj3\\models\\feeback.js","statementMap":{"0":{"start":{"line":1,"column":22},"end":{"line":1,"column":40}},"1":{"start":{"line":2,"column":17},"end":{"line":2,"column":36}},"2":{"start":{"line":4,"column":23},"end":{"line":12,"column":2}},"3":{"start":{"line":14,"column":17},"end":{"line":14,"column":59}},"4":{"start":{"line":16,"column":0},"end":{"line":16,"column":26}}},"fnMap":{},"branchMap":{},"s":{"0":1,"1":1,"2":1,"3":1,"4":1},"f":{},"b":{},"_coverageSchema":"1a1c01bbd47fc00a2c39e90264f33305004495a9","hash":"9facb7ea8e39b59ac4274646e0af3f339c0caa83"}
,"C:\\Users\\chett\\Documents\\TeamProject-SkillSwap\\CSE341Proj3\\models\\session.js": {"path":"C:\\Users\\chett\\Documents\\TeamProject-SkillSwap\\CSE341Proj3\\models\\session.js","statementMap":{"0":{"start":{"line":1,"column":17},"end":{"line":1,"column":36}},"1":{"start":{"line":3,"column":22},"end":{"line":10,"column":2}},"2":{"start":{"line":12,"column":16},"end":{"line":12,"column":56}},"3":{"start":{"line":14,"column":0},"end":{"line":14,"column":25}}},"fnMap":{},"branchMap":{},"s":{"0":3,"1":3,"2":3,"3":3},"f":{},"b":{},"_coverageSchema":"1a1c01bbd47fc00a2c39e90264f33305004495a9","hash":"e484fcba6d5e26b89e0a79296136a76bafa8d8f5"}
,"C:\\Users\\chett\\Documents\\TeamProject-SkillSwap\\CSE341Proj3\\models\\skill.js": {"path":"C:\\Users\\chett\\Documents\\TeamProject-SkillSwap\\CSE341Proj3\\models\\skill.js","statementMap":{"0":{"start":{"line":1,"column":17},"end":{"line":1,"column":36}},"1":{"start":{"line":3,"column":20},"end":{"line":8,"column":2}},"2":{"start":{"line":10,"column":14},"end":{"line":10,"column":51}},"3":{"start":{"line":12,"column":0},"end":{"line":12,"column":23}}},"fnMap":{},"branchMap":{},"s":{"0":1,"1":1,"2":1,"3":1},"f":{},"b":{},"_coverageSchema":"1a1c01bbd47fc00a2c39e90264f33305004495a9","hash":"91b4eb2d78b62c3e313ec4e45996ac6947a864ee"}
,"C:\\Users\\chett\\Documents\\TeamProject-SkillSwap\\CSE341Proj3\\models\\user_profile.js": {"path":"C:\\Users\\chett\\Documents\\TeamProject-SkillSwap\\CSE341Proj3\\models\\user_profile.js","statementMap":{"0":{"start":{"line":1,"column":17},"end":{"line":1,"column":36}},"1":{"start":{"line":3,"column":26},"end":{"line":18,"column":2}},"2":{"start":{"line":12,"column":8},"end":{"line":12,"column":76}},"3":{"start":{"line":14,"column":26},"end":{"line":14,"column":72}},"4":{"start":{"line":20,"column":20},"end":{"line":20,"column":70}},"5":{"start":{"line":22,"column":0},"end":{"line":22,"column":29}}},"fnMap":{"0":{"name":"(anonymous_0)","decl":{"start":{"line":11,"column":17},"end":{"line":11,"column":18}},"loc":{"start":{"line":11,"column":24},"end":{"line":13,"column":7}},"line":11},"1":{"name":"(anonymous_1)","decl":{"start":{"line":14,"column":15},"end":{"line":14,"column":16}},"loc":{"start":{"line":14,"column":26},"end":{"line":14,"column":72}},"line":14}},"branchMap":{},"s":{"0":1,"1":1,"2":0,"3":0,"4":1,"5":1},"f":{"0":0,"1":0},"b":{},"_coverageSchema":"1a1c01bbd47fc00a2c39e90264f33305004495a9","hash":"0d68e1044a7ef325d5824564d66865ab2f96d979"}
,"C:\\Users\\chett\\Documents\\TeamProject-SkillSwap\\CSE341Proj3\\models\\user_skill.js": {"path":"C:\\Users\\chett\\Documents\\TeamProject-SkillSwap\\CSE341Proj3\\models\\user_skill.js","statementMap":{"0":{"start":{"line":1,"column":17},"end":{"line":1,"column":36}},"1":{"start":{"line":3,"column":24},"end":{"line":14,"column":2}},"2":{"start":{"line":16,"column":18},"end":{"line":16,"column":64}},"3":{"start":{"line":18,"column":0},"end":{"line":18,"column":27}}},"fnMap":{},"branchMap":{},"s":{"0":1,"1":1,"2":1,"3":1},"f":{},"b":{},"_coverageSchema":"1a1c01bbd47fc00a2c39e90264f33305004495a9","hash":"7610c325c037b629db016b4862ea78b8d81b1c92"}
,"C:\\Users\\chett\\Documents\\TeamProject-SkillSwap\\CSE341Proj3\\routes\\availabilities.js": {"path":"C:\\Users\\chett\\Documents\\TeamProject-SkillSwap\\CSE341Proj3\\routes\\availabilities.js","statementMap":{"0":{"start":{"line":1,"column":15},"end":{"line":1,"column":42}},"1":{"start":{"line":2,"column":19},"end":{"line":2,"column":69}},"2":{"start":{"line":3,"column":25},"end":{"line":3,"column":58}},"3":{"start":{"line":5,"column":0},"end":{"line":5,"column":66}},"4":{"start":{"line":6,"column":0},"end":{"line":6,"column":67}},"5":{"start":{"line":8,"column":0},"end":{"line":8,"column":69}},"6":{"start":{"line":9,"column":0},"end":{"line":9,"column":70}},"7":{"start":{"line":10,"column":0},"end":{"line":10,"column":73}},"8":{"start":{"line":12,"column":0},"end":{"line":12,"column":24}}},"fnMap":{},"branchMap":{},"s":{"0":1,"1":1,"2":1,"3":1,"4":1,"5":1,"6":1,"7":1,"8":1},"f":{},"b":{},"_coverageSchema":"1a1c01bbd47fc00a2c39e90264f33305004495a9","hash":"81bfab356f865b5efd1720a2182438bd41adab68"}
,"C:\\Users\\chett\\Documents\\TeamProject-SkillSwap\\CSE341Proj3\\routes\\feedback.js": {"path":"C:\\Users\\chett\\Documents\\TeamProject-SkillSwap\\CSE341Proj3\\routes\\feedback.js","statementMap":{"0":{"start":{"line":1,"column":15},"end":{"line":1,"column":42}},"1":{"start":{"line":2,"column":19},"end":{"line":2,"column":63}},"2":{"start":{"line":3,"column":25},"end":{"line":3,"column":58}},"3":{"start":{"line":5,"column":0},"end":{"line":5,"column":60}},"4":{"start":{"line":6,"column":0},"end":{"line":6,"column":61}},"5":{"start":{"line":8,"column":0},"end":{"line":8,"column":67}},"6":{"start":{"line":9,"column":0},"end":{"line":9,"column":66}},"7":{"start":{"line":10,"column":0},"end":{"line":10,"column":69}},"8":{"start":{"line":12,"column":0},"end":{"line":12,"column":24}}},"fnMap":{},"branchMap":{},"s":{"0":1,"1":1,"2":1,"3":1,"4":1,"5":1,"6":1,"7":1,"8":1},"f":{},"b":{},"_coverageSchema":"1a1c01bbd47fc00a2c39e90264f33305004495a9","hash":"217b0c5689646e88b8f3086b2e884cef76a30802"}
,"C:\\Users\\chett\\Documents\\TeamProject-SkillSwap\\CSE341Proj3\\routes\\index.js": {"path":"C:\\Users\\chett\\Documents\\TeamProject-SkillSwap\\CSE341Proj3\\routes\\index.js","statementMap":{"0":{"start":{"line":1,"column":15},"end":{"line":1,"column":42}},"1":{"start":{"line":2,"column":19},"end":{"line":2,"column":60}},"2":{"start":{"line":8,"column":0},"end":{"line":8,"column":36}},"3":{"start":{"line":9,"column":0},"end":{"line":9,"column":65}},"4":{"start":{"line":10,"column":0},"end":{"line":10,"column":75}},"5":{"start":{"line":11,"column":0},"end":{"line":11,"column":73}},"6":{"start":{"line":12,"column":0},"end":{"line":12,"column":63}},"7":{"start":{"line":13,"column":0},"end":{"line":13,"column":79}},"8":{"start":{"line":14,"column":0},"end":{"line":14,"column":67}},"9":{"start":{"line":15,"column":0},"end":{"line":15,"column":67}},"10":{"start":{"line":17,"column":0},"end":{"line":17,"column":24}}},"fnMap":{},"branchMap":{},"s":{"0":1,"1":1,"2":1,"3":1,"4":1,"5":1,"6":1,"7":1,"8":1,"9":1,"10":1},"f":{},"b":{},"_coverageSchema":"1a1c01bbd47fc00a2c39e90264f33305004495a9","hash":"7de2b64a99bbafe91cbfc8140c21cee26f05ed48"}
,"C:\\Users\\chett\\Documents\\TeamProject-SkillSwap\\CSE341Proj3\\routes\\profile.js": {"path":"C:\\Users\\chett\\Documents\\TeamProject-SkillSwap\\CSE341Proj3\\routes\\profile.js","statementMap":{"0":{"start":{"line":1,"column":15},"end":{"line":1,"column":42}},"1":{"start":{"line":2,"column":19},"end":{"line":2,"column":62}},"2":{"start":{"line":3,"column":25},"end":{"line":3,"column":58}},"3":{"start":{"line":5,"column":0},"end":{"line":5,"column":59}},"4":{"start":{"line":7,"column":0},"end":{"line":7,"column":24}}},"fnMap":{},"branchMap":{},"s":{"0":1,"1":1,"2":1,"3":1,"4":1},"f":{},"b":{},"_coverageSchema":"1a1c01bbd47fc00a2c39e90264f33305004495a9","hash":"a690549eaf66a4b42bb9737d4b474955b87920e4"}
,"C:\\Users\\chett\\Documents\\TeamProject-SkillSwap\\CSE341Proj3\\routes\\sessions.js": {"path":"C:\\Users\\chett\\Documents\\TeamProject-SkillSwap\\CSE341Proj3\\routes\\sessions.js","statementMap":{"0":{"start":{"line":1,"column":15},"end":{"line":1,"column":42}},"1":{"start":{"line":2,"column":19},"end":{"line":2,"column":63}},"2":{"start":{"line":3,"column":25},"end":{"line":3,"column":58}},"3":{"start":{"line":5,"column":0},"end":{"line":5,"column":60}},"4":{"start":{"line":6,"column":0},"end":{"line":6,"column":60}},"5":{"start":{"line":8,"column":0},"end":{"line":8,"column":66}},"6":{"start":{"line":9,"column":0},"end":{"line":9,"column":65}},"7":{"start":{"line":10,"column":0},"end":{"line":10,"column":68}},"8":{"start":{"line":12,"column":0},"end":{"line":12,"column":24}}},"fnMap":{},"branchMap":{},"s":{"0":2,"1":2,"2":2,"3":2,"4":2,"5":2,"6":2,"7":2,"8":2},"f":{},"b":{},"_coverageSchema":"1a1c01bbd47fc00a2c39e90264f33305004495a9","hash":"06bb9ec96f4040d0160cd475cbe8222a15544d30"}
,"C:\\Users\\chett\\Documents\\TeamProject-SkillSwap\\CSE341Proj3\\routes\\skills.js": {"path":"C:\\Users\\chett\\Documents\\TeamProject-SkillSwap\\CSE341Proj3\\routes\\skills.js","statementMap":{"0":{"start":{"line":1,"column":15},"end":{"line":1,"column":42}},"1":{"start":{"line":2,"column":19},"end":{"line":2,"column":61}},"2":{"start":{"line":3,"column":25},"end":{"line":3,"column":58}},"3":{"start":{"line":5,"column":0},"end":{"line":5,"column":58}},"4":{"start":{"line":6,"column":0},"end":{"line":6,"column":58}},"5":{"start":{"line":8,"column":0},"end":{"line":8,"column":64}},"6":{"start":{"line":9,"column":0},"end":{"line":9,"column":63}},"7":{"start":{"line":10,"column":0},"end":{"line":10,"column":66}},"8":{"start":{"line":12,"column":0},"end":{"line":12,"column":24}}},"fnMap":{},"branchMap":{},"s":{"0":1,"1":1,"2":1,"3":1,"4":1,"5":1,"6":1,"7":1,"8":1},"f":{},"b":{},"_coverageSchema":"1a1c01bbd47fc00a2c39e90264f33305004495a9","hash":"93788100b306bf4e98dbaae0687379f185d7a219"}
,"C:\\Users\\chett\\Documents\\TeamProject-SkillSwap\\CSE341Proj3\\routes\\user_profile.js": {"path":"C:\\Users\\chett\\Documents\\TeamProject-SkillSwap\\CSE341Proj3\\routes\\user_profile.js","statementMap":{"0":{"start":{"line":1,"column":15},"end":{"line":1,"column":42}},"1":{"start":{"line":2,"column":19},"end":{"line":2,"column":67}},"2":{"start":{"line":3,"column":25},"end":{"line":3,"column":58}},"3":{"start":{"line":5,"column":0},"end":{"line":5,"column":64}},"4":{"start":{"line":6,"column":0},"end":{"line":6,"column":64}},"5":{"start":{"line":8,"column":0},"end":{"line":8,"column":70}},"6":{"start":{"line":9,"column":0},"end":{"line":9,"column":69}},"7":{"start":{"line":10,"column":0},"end":{"line":10,"column":72}},"8":{"start":{"line":12,"column":0},"end":{"line":12,"column":24}}},"fnMap":{},"branchMap":{},"s":{"0":1,"1":1,"2":1,"3":1,"4":1,"5":1,"6":1,"7":1,"8":1},"f":{},"b":{},"_coverageSchema":"1a1c01bbd47fc00a2c39e90264f33305004495a9","hash":"0ff903f504ca48033044cc873b29ac48ecf4c2be"}
,"C:\\Users\\chett\\Documents\\TeamProject-SkillSwap\\CSE341Proj3\\routes\\user_skills.js": {"path":"C:\\Users\\chett\\Documents\\TeamProject-SkillSwap\\CSE341Proj3\\routes\\user_skills.js","statementMap":{"0":{"start":{"line":1,"column":15},"end":{"line":1,"column":42}},"1":{"start":{"line":2,"column":19},"end":{"line":2,"column":66}},"2":{"start":{"line":3,"column":25},"end":{"line":3,"column":58}},"3":{"start":{"line":5,"column":0},"end":{"line":5,"column":62}},"4":{"start":{"line":6,"column":0},"end":{"line":6,"column":62}},"5":{"start":{"line":8,"column":0},"end":{"line":8,"column":69}},"6":{"start":{"line":9,"column":0},"end":{"line":9,"column":68}},"7":{"start":{"line":10,"column":0},"end":{"line":10,"column":71}},"8":{"start":{"line":12,"column":0},"end":{"line":12,"column":24}}},"fnMap":{},"branchMap":{},"s":{"0":1,"1":1,"2":1,"3":1,"4":1,"5":1,"6":1,"7":1,"8":1},"f":{},"b":{},"_coverageSchema":"1a1c01bbd47fc00a2c39e90264f33305004495a9","hash":"5f36940beee29e57a98b492153d5de4c464dc91f"}
}
